<?xml version="1.0" encoding="UTF-8"?>
<testng-results skipped="0" failed="0" ignored="0" total="1" passed="1">
  <reporter-output>
  </reporter-output>
  <suite name="sampleMaven.MavenJenkins.AppTest" duration-ms="25594" started-at="2019-03-14T10:45:09Z" finished-at="2019-03-14T10:45:35Z">
    <groups>
    </groups>
    <test name="Command line test" duration-ms="25594" started-at="2019-03-14T10:45:09Z" finished-at="2019-03-14T10:45:35Z">
      <class name="sampleMaven.MavenJenkins.AppTest">
        <test-method status="PASS" signature="testcase()[pri:0, instance:sampleMaven.MavenJenkins.AppTest@7f690630]" name="testcase" duration-ms="25560" started-at="2019-03-14T16:15:10Z" finished-at="2019-03-14T16:15:35Z">
          <reporter-output>
          </reporter-output>
        </test-method> <!-- testcase -->
      </class> <!-- sampleMaven.MavenJenkins.AppTest -->
    </test> <!-- Command line test -->
  </suite> <!-- sampleMaven.MavenJenkins.AppTest -->
</testng-results>
