<?xml version="1.0" encoding="UTF-8"?>
<testng-results skipped="0" failed="0" ignored="0" total="1" passed="1">
  <reporter-output>
  </reporter-output>
  <suite name="Default suite" duration-ms="25606" started-at="2019-03-13T16:46:30Z" finished-at="2019-03-13T16:46:56Z">
    <groups>
    </groups>
    <test name="Default test" duration-ms="25606" started-at="2019-03-13T16:46:30Z" finished-at="2019-03-13T16:46:56Z">
      <class name="sampleMaven.MavenJenkins.AppTest">
        <test-method status="PASS" signature="testcase()[pri:0, instance:sampleMaven.MavenJenkins.AppTest@cb5822]" name="testcase" duration-ms="25590" started-at="2019-03-13T22:16:30Z" finished-at="2019-03-13T22:16:56Z">
          <reporter-output>
          </reporter-output>
        </test-method> <!-- testcase -->
      </class> <!-- sampleMaven.MavenJenkins.AppTest -->
    </test> <!-- Default test -->
  </suite> <!-- Default suite -->
</testng-results>
